<?xml version="1.0" encoding="UTF-8"?>
<!-- Generated by org.testng.reporters.JUnitReportReporter -->
<testsuite hostname="DESKTOP-MJR9VR1" failures="0" tests="2" name="com.orange.testcases.LoginTest" time="0.036" errors="0" timestamp="2025-12-03T00:13:48 IST" skipped="0">
  <testcase classname="com.orange.testcases.LoginTest" name="validation1" time="0.035"/>
  <testcase classname="com.orange.testcases.LoginTest" name="validation2" time="0.001"/>
</testsuite> <!-- com.orange.testcases.LoginTest -->
